<?xml version="1.0" encoding="UTF-8"?>
<!-- Generated by org.testng.reporters.JUnitReportReporter -->
<testsuite hostname="SAYANTIKA" name="com.qa.facebook.Facebook" tests="2" failures="0" timestamp="25 Jun 2019 15:58:24 GMT" time="5.176" errors="0">
  <testcase name="statusDisplay" time="0.001" classname="com.qa.facebook.Facebook"/>
  <testcase name="facebookLoginTest" time="5.175" classname="com.qa.facebook.Facebook"/>
</testsuite> <!-- com.qa.facebook.Facebook -->
